=/pretest.json
{
  _: [],
  f: [
    '/home/runner/work/exp-discretization-of-system-with-impulse-invariance-and-bilinear-transformation-methods-iitkgp/exp-discretization-of-system-with-impulse-invariance-and-bilinear-transformation-methods-iitkgp/experiment/pretest.json'
  ],
  files: [
    '/home/runner/work/exp-discretization-of-system-with-impulse-invariance-and-bilinear-transformation-methods-iitkgp/exp-discretization-of-system-with-impulse-invariance-and-bilinear-transformation-methods-iitkgp/experiment/pretest.json'
  ],
  c: 'assessment',
  contentTypes: 'assessment',
  'content-types': 'assessment',
  '$0': 'validate'
}
Validated true
=/posttest.json
{
  _: [],
  f: [
    '/home/runner/work/exp-discretization-of-system-with-impulse-invariance-and-bilinear-transformation-methods-iitkgp/exp-discretization-of-system-with-impulse-invariance-and-bilinear-transformation-methods-iitkgp/experiment/posttest.json'
  ],
  files: [
    '/home/runner/work/exp-discretization-of-system-with-impulse-invariance-and-bilinear-transformation-methods-iitkgp/exp-discretization-of-system-with-impulse-invariance-and-bilinear-transformation-methods-iitkgp/experiment/posttest.json'
  ],
  c: 'assessment',
  contentTypes: 'assessment',
  'content-types': 'assessment',
  '$0': 'validate'
}
Validated true
